This file contains any messages produced by compilers while
running configure, to aid debugging if configure makes a mistake.

It was created by ddosim configure 0.2, which was
generated by GNU Autoconf 2.61.  Invocation command line was

  $ ./configure make

## --------- ##
## Platform. ##
## --------- ##

hostname = pc-davi
uname -m = x86_64
uname -r = 5.8.0-53-generic
uname -s = Linux
uname -v = #60~20.04.1-Ubuntu SMP Thu May 6 09:52:46 UTC 2021

/usr/bin/uname -p = x86_64
/bin/uname -X     = unknown

/bin/arch              = x86_64
/usr/bin/arch -k       = unknown
/usr/convex/getsysinfo = unknown
/usr/bin/hostinfo      = unknown
/bin/machine           = unknown
/usr/bin/oslevel       = unknown
/bin/universe          = unknown

PATH: /home/davi/Documents/bracket/
PATH: /home/davi/.local/bin
PATH: /home/davi/bin
PATH: /usr/local/sbin
PATH: /usr/local/bin
PATH: /usr/sbin
PATH: /usr/bin
PATH: /sbin
PATH: /bin
PATH: /usr/games
PATH: /usr/local/games
PATH: /snap/bin


## ----------- ##
## Core tests. ##
## ----------- ##

configure:1782: checking for a BSD-compatible install
configure:1838: result: /usr/bin/install -c
configure:1849: checking whether build environment is sane
configure:1892: result: yes
configure:1920: checking for a thread-safe mkdir -p
configure:1959: result: /usr/bin/mkdir -p
configure:1972: checking for gawk
configure:2002: result: no
configure:1972: checking for mawk
configure:1988: found /usr/bin/mawk
configure:1999: result: mawk
configure:2010: checking whether make sets $(MAKE)
configure:2031: result: yes
configure:2239: checking for make-g++
configure:2269: result: no
configure:2239: checking for make-c++
configure:2269: result: no
configure:2239: checking for make-gpp
configure:2269: result: no
configure:2239: checking for make-aCC
configure:2269: result: no
configure:2239: checking for make-CC
configure:2269: result: no
configure:2239: checking for make-cxx
configure:2269: result: no
configure:2239: checking for make-cc++
configure:2269: result: no
configure:2239: checking for make-cl.exe
configure:2269: result: no
configure:2239: checking for make-FCC
configure:2269: result: no
configure:2239: checking for make-KCC
configure:2269: result: no
configure:2239: checking for make-RCC
configure:2269: result: no
configure:2239: checking for make-xlC_r
configure:2269: result: no
configure:2239: checking for make-xlC
configure:2269: result: no
configure:2283: checking for g++
configure:2299: found /usr/bin/g++
configure:2310: result: g++
configure:2341: checking for C++ compiler version
configure:2348: g++ --version >&5
g++ (Ubuntu 10.2.0-5ubuntu1~20.04) 10.2.0
Copyright (C) 2020 Free Software Foundation, Inc.
This is free software; see the source for copying conditions.  There is NO
warranty; not even for MERCHANTABILITY or FITNESS FOR A PARTICULAR PURPOSE.

configure:2351: $? = 0
configure:2358: g++ -v >&5
Using built-in specs.
COLLECT_GCC=g++
COLLECT_LTO_WRAPPER=/usr/lib/gcc/x86_64-linux-gnu/10/lto-wrapper
OFFLOAD_TARGET_NAMES=nvptx-none:amdgcn-amdhsa:hsa
OFFLOAD_TARGET_DEFAULT=1
Target: x86_64-linux-gnu
Configured with: ../src/configure -v --with-pkgversion='Ubuntu 10.2.0-5ubuntu1~20.04' --with-bugurl=file:///usr/share/doc/gcc-10/README.Bugs --enable-languages=c,ada,c++,go,brig,d,fortran,objc,obj-c++,m2 --prefix=/usr --with-gcc-major-version-only --program-suffix=-10 --program-prefix=x86_64-linux-gnu- --enable-shared --enable-linker-build-id --libexecdir=/usr/lib --without-included-gettext --enable-threads=posix --libdir=/usr/lib --enable-nls --enable-clocale=gnu --enable-libstdcxx-debug --enable-libstdcxx-time=yes --with-default-libstdcxx-abi=new --enable-gnu-unique-object --disable-vtable-verify --enable-plugin --enable-default-pie --with-system-zlib --enable-libphobos-checking=release --with-target-system-zlib=auto --enable-objc-gc=auto --enable-multiarch --disable-werror --with-arch-32=i686 --with-abi=m64 --with-multilib-list=m32,m64,mx32 --enable-multilib --with-tune=generic --enable-offload-targets=nvptx-none=/build/gcc-10-WJNXnb/gcc-10-10.2.0/debian/tmp-nvptx/usr,amdgcn-amdhsa=/build/gcc-10-WJNXnb/gcc-10-10.2.0/debian/tmp-gcn/usr,hsa --without-cuda-driver --enable-checking=release --build=x86_64-linux-gnu --host=x86_64-linux-gnu --target=x86_64-linux-gnu
Thread model: posix
Supported LTO compression algorithms: zlib zstd
gcc version 10.2.0 (Ubuntu 10.2.0-5ubuntu1~20.04) 
configure:2361: $? = 0
configure:2368: g++ -V >&5
g++: error: unrecognized command-line option '-V'
g++: fatal error: no input files
compilation terminated.
configure:2371: $? = 1
configure:2394: checking for C++ compiler default output file name
configure:2421: g++    conftest.cpp  >&5
configure:2424: $? = 0
configure:2462: result: a.out
configure:2479: checking whether the C++ compiler works
configure:2489: ./a.out
configure:2492: $? = 0
configure:2509: result: yes
configure:2516: checking whether we are cross compiling
configure:2518: result: no
configure:2521: checking for suffix of executables
configure:2528: g++ -o conftest    conftest.cpp  >&5
configure:2531: $? = 0
configure:2555: result: 
configure:2561: checking for suffix of object files
configure:2587: g++ -c   conftest.cpp >&5
configure:2590: $? = 0
configure:2613: result: o
configure:2617: checking whether we are using the GNU C++ compiler
configure:2646: g++ -c   conftest.cpp >&5
configure:2652: $? = 0
configure:2669: result: yes
configure:2674: checking whether g++ accepts -g
configure:2704: g++ -c -g  conftest.cpp >&5
configure:2710: $? = 0
configure:2809: result: yes
configure:2843: checking for style of include used by make
configure:2871: result: GNU
configure:2896: checking dependency style of g++
configure:2987: result: gcc3
configure:3010: checking for make-gcc
configure:3040: result: no
configure:3050: checking for gcc
configure:3066: found /usr/bin/gcc
configure:3077: result: gcc
configure:3315: checking for C compiler version
configure:3322: gcc --version >&5
gcc (Ubuntu 10.2.0-5ubuntu1~20.04) 10.2.0
Copyright (C) 2020 Free Software Foundation, Inc.
This is free software; see the source for copying conditions.  There is NO
warranty; not even for MERCHANTABILITY or FITNESS FOR A PARTICULAR PURPOSE.

configure:3325: $? = 0
configure:3332: gcc -v >&5
Using built-in specs.
COLLECT_GCC=gcc
COLLECT_LTO_WRAPPER=/usr/lib/gcc/x86_64-linux-gnu/10/lto-wrapper
OFFLOAD_TARGET_NAMES=nvptx-none:amdgcn-amdhsa:hsa
OFFLOAD_TARGET_DEFAULT=1
Target: x86_64-linux-gnu
Configured with: ../src/configure -v --with-pkgversion='Ubuntu 10.2.0-5ubuntu1~20.04' --with-bugurl=file:///usr/share/doc/gcc-10/README.Bugs --enable-languages=c,ada,c++,go,brig,d,fortran,objc,obj-c++,m2 --prefix=/usr --with-gcc-major-version-only --program-suffix=-10 --program-prefix=x86_64-linux-gnu- --enable-shared --enable-linker-build-id --libexecdir=/usr/lib --without-included-gettext --enable-threads=posix --libdir=/usr/lib --enable-nls --enable-clocale=gnu --enable-libstdcxx-debug --enable-libstdcxx-time=yes --with-default-libstdcxx-abi=new --enable-gnu-unique-object --disable-vtable-verify --enable-plugin --enable-default-pie --with-system-zlib --enable-libphobos-checking=release --with-target-system-zlib=auto --enable-objc-gc=auto --enable-multiarch --disable-werror --with-arch-32=i686 --with-abi=m64 --with-multilib-list=m32,m64,mx32 --enable-multilib --with-tune=generic --enable-offload-targets=nvptx-none=/build/gcc-10-WJNXnb/gcc-10-10.2.0/debian/tmp-nvptx/usr,amdgcn-amdhsa=/build/gcc-10-WJNXnb/gcc-10-10.2.0/debian/tmp-gcn/usr,hsa --without-cuda-driver --enable-checking=release --build=x86_64-linux-gnu --host=x86_64-linux-gnu --target=x86_64-linux-gnu
Thread model: posix
Supported LTO compression algorithms: zlib zstd
gcc version 10.2.0 (Ubuntu 10.2.0-5ubuntu1~20.04) 
configure:3335: $? = 0
configure:3342: gcc -V >&5
gcc: error: unrecognized command-line option '-V'
gcc: fatal error: no input files
compilation terminated.
configure:3345: $? = 1
configure:3348: checking whether we are using the GNU C compiler
configure:3377: gcc -c   conftest.c >&5
configure:3383: $? = 0
configure:3400: result: yes
configure:3405: checking whether gcc accepts -g
configure:3435: gcc -c -g  conftest.c >&5
configure:3441: $? = 0
configure:3540: result: yes
configure:3557: checking for gcc option to accept ISO C89
configure:3631: gcc  -c -g -O2  conftest.c >&5
configure:3637: $? = 0
configure:3660: result: none needed
configure:3680: checking dependency style of gcc
configure:3771: result: gcc3
configure:3790: checking for pcap_open_live in -lpcap
configure:3825: gcc -o conftest -g -O2   conftest.c -lpcap   >&5
/usr/bin/ld: cannot find -lpcap
collect2: error: ld returned 1 exit status
configure:3831: $? = 1
configure: failed program was:
| /* confdefs.h.  */
| #define PACKAGE_NAME "ddosim"
| #define PACKAGE_TARNAME "ddosim"
| #define PACKAGE_VERSION "0.2"
| #define PACKAGE_STRING "ddosim 0.2"
| #define PACKAGE_BUGREPORT "adif2k8@gmail.com"
| #define PACKAGE "ddosim"
| #define VERSION "0.2"
| /* end confdefs.h.  */
| 
| /* Override any GCC internal prototype to avoid an error.
|    Use char because int might match the return type of a GCC
|    builtin and then its argument prototype would still apply.  */
| #ifdef __cplusplus
| extern "C"
| #endif
| char pcap_open_live ();
| int
| main ()
| {
| return pcap_open_live ();
|   ;
|   return 0;
| }
configure:3849: result: no
configure:3859: error: libpcap (dev) is required for this program

## ---------------- ##
## Cache variables. ##
## ---------------- ##

ac_cv_c_compiler_gnu=yes
ac_cv_cxx_compiler_gnu=yes
ac_cv_env_CCC_set=
ac_cv_env_CCC_value=
ac_cv_env_CC_set=
ac_cv_env_CC_value=
ac_cv_env_CFLAGS_set=
ac_cv_env_CFLAGS_value=
ac_cv_env_CPPFLAGS_set=
ac_cv_env_CPPFLAGS_value=
ac_cv_env_CPP_set=
ac_cv_env_CPP_value=
ac_cv_env_CXXFLAGS_set=
ac_cv_env_CXXFLAGS_value=
ac_cv_env_CXX_set=
ac_cv_env_CXX_value=
ac_cv_env_LDFLAGS_set=
ac_cv_env_LDFLAGS_value=
ac_cv_env_LIBS_set=
ac_cv_env_LIBS_value=
ac_cv_env_build_alias_set=set
ac_cv_env_build_alias_value=make
ac_cv_env_host_alias_set=set
ac_cv_env_host_alias_value=make
ac_cv_env_target_alias_set=set
ac_cv_env_target_alias_value=make
ac_cv_lib_pcap_pcap_open_live=no
ac_cv_objext=o
ac_cv_path_install='/usr/bin/install -c'
ac_cv_path_mkdir=/usr/bin/mkdir
ac_cv_prog_AWK=mawk
ac_cv_prog_ac_ct_CC=gcc
ac_cv_prog_ac_ct_CXX=g++
ac_cv_prog_cc_c89=
ac_cv_prog_cc_g=yes
ac_cv_prog_cxx_g=yes
ac_cv_prog_make_make_set=yes
am_cv_CC_dependencies_compiler_type=gcc3
am_cv_CXX_dependencies_compiler_type=gcc3

## ----------------- ##
## Output variables. ##
## ----------------- ##

ACLOCAL='${SHELL} /home/davi/Documents/programming/Harvard-CS50-Web-Programming/08_Security/ddosim-0.2/missing --run aclocal-1.10'
AMDEPBACKSLASH='\'
AMDEP_FALSE='#'
AMDEP_TRUE=''
AMTAR='${SHELL} /home/davi/Documents/programming/Harvard-CS50-Web-Programming/08_Security/ddosim-0.2/missing --run tar'
AUTOCONF='${SHELL} /home/davi/Documents/programming/Harvard-CS50-Web-Programming/08_Security/ddosim-0.2/missing --run autoconf'
AUTOHEADER='${SHELL} /home/davi/Documents/programming/Harvard-CS50-Web-Programming/08_Security/ddosim-0.2/missing --run autoheader'
AUTOMAKE='${SHELL} /home/davi/Documents/programming/Harvard-CS50-Web-Programming/08_Security/ddosim-0.2/missing --run automake-1.10'
AWK='mawk'
CC='gcc'
CCDEPMODE='depmode=gcc3'
CFLAGS='-g -O2'
CPP=''
CPPFLAGS=''
CXX='g++'
CXXDEPMODE='depmode=gcc3'
CXXFLAGS='-g -O2'
CYGPATH_W='echo'
DEFS=''
DEPDIR='.deps'
ECHO_C=''
ECHO_N='-n'
ECHO_T=''
EGREP=''
EXEEXT=''
GREP=''
INSTALL_DATA='${INSTALL} -m 644'
INSTALL_PROGRAM='${INSTALL}'
INSTALL_SCRIPT='${INSTALL}'
INSTALL_STRIP_PROGRAM='$(install_sh) -c -s'
LDFLAGS=''
LIBOBJS=''
LIBS=''
LTLIBOBJS=''
MAKEINFO='${SHELL} /home/davi/Documents/programming/Harvard-CS50-Web-Programming/08_Security/ddosim-0.2/missing --run makeinfo'
OBJEXT='o'
PACKAGE='ddosim'
PACKAGE_BUGREPORT='adif2k8@gmail.com'
PACKAGE_NAME='ddosim'
PACKAGE_STRING='ddosim 0.2'
PACKAGE_TARNAME='ddosim'
PACKAGE_VERSION='0.2'
PATH_SEPARATOR=':'
SET_MAKE=''
SHELL='/bin/bash'
STRIP=''
VERSION='0.2'
ac_ct_CC='gcc'
ac_ct_CXX='g++'
am__fastdepCC_FALSE='#'
am__fastdepCC_TRUE=''
am__fastdepCXX_FALSE='#'
am__fastdepCXX_TRUE=''
am__include='include'
am__isrc=''
am__leading_dot='.'
am__quote=''
am__tar='${AMTAR} chof - "$$tardir"'
am__untar='${AMTAR} xf -'
bindir='${exec_prefix}/bin'
build_alias='make'
datadir='${datarootdir}'
datarootdir='${prefix}/share'
docdir='${datarootdir}/doc/${PACKAGE_TARNAME}'
dvidir='${docdir}'
exec_prefix='NONE'
host_alias='make'
htmldir='${docdir}'
includedir='${prefix}/include'
infodir='${datarootdir}/info'
install_sh='$(SHELL) /home/davi/Documents/programming/Harvard-CS50-Web-Programming/08_Security/ddosim-0.2/install-sh'
libdir='${exec_prefix}/lib'
libexecdir='${exec_prefix}/libexec'
localedir='${datarootdir}/locale'
localstatedir='${prefix}/var'
mandir='${datarootdir}/man'
mkdir_p='/usr/bin/mkdir -p'
oldincludedir='/usr/include'
pdfdir='${docdir}'
prefix='NONE'
program_transform_name='s,x,x,'
psdir='${docdir}'
sbindir='${exec_prefix}/sbin'
sharedstatedir='${prefix}/com'
sysconfdir='${prefix}/etc'
target_alias='make'

## ----------- ##
## confdefs.h. ##
## ----------- ##

#define PACKAGE_NAME "ddosim"
#define PACKAGE_TARNAME "ddosim"
#define PACKAGE_VERSION "0.2"
#define PACKAGE_STRING "ddosim 0.2"
#define PACKAGE_BUGREPORT "adif2k8@gmail.com"
#define PACKAGE "ddosim"
#define VERSION "0.2"

configure: exit 1
